/Users/umashankar/Library/Python/3.9/lib/python/site-packages/urllib3/__init__.py:35: NotOpenSSLWarning: urllib3 v2 only supports OpenSSL 1.1.1+, currently the 'ssl' module is compiled with 'LibreSSL 2.8.3'. See: https://github.com/urllib3/urllib3/issues/3020
  warnings.warn(

================================================================================
🚀 SSRI API COMPREHENSIVE DISCOVERY
================================================================================
Start: 2026-06-24 08:44:00


================================================================================
🔍 DISCOVERING SSRI API STRUCTURE
================================================================================

📍 Testing base paths...
  ✓ /api/petrol-pumps/                  - 1 records

================================================================================
⛽ EXPLORING PETROL PUMPS ENDPOINTS
================================================================================

📍 Testing petrol pump endpoints...
  ✓ /api/petrol-pumps/                       - 1 records/results
  ✗ /api/petrol-pumps/by-company/           
  ✗ /api/petrol-pumps/by-city/              
  ✗ /api/petrol-pumps/by-state/             
  ✗ /api/petrol-pumps/by-district/          
  ✗ /api/petrol-pumps/nearby/               
  ✗ /api/petrol-pumps/search/               
  ✗ /api/petrol-pumps/filter/               
  ✗ /api/petrol-pumps/stats/                
  ✗ /api/petrol-pumps/companies/            

================================================================================
🔋 EXPLORING ALTERNATIVE FUEL ENDPOINTS
================================================================================

📍 Testing alternative fuel endpoints...

================================================================================
🏪 EXPLORING RETAIL & POI ENDPOINTS
================================================================================

📍 Testing retail & POI endpoints...

================================================================================
🔧 EXPLORING SERVICE ENDPOINTS
================================================================================

📍 Testing service endpoints...

================================================================================
📊 EXPLORING DATA & ANALYTICS ENDPOINTS
================================================================================

📍 Testing data endpoints...

================================================================================
📄 TESTING PAGINATION & FILTER PARAMETERS
================================================================================

🔍 Testing parameter combinations...
  ✓ /api/petrol-pumps/?limit=1000&page=1
  ✓ /api/petrol-pumps/?skip=0&take=100
  ✓ /api/petrol-pumps/?offset=0&limit=100
  ✗ (404) /api/petrol-pumps/search?q=Mumbai
  ✗ (404) /api/petrol-pumps/filter?state=Maharashtra
  ✗ (404) /api/petrol-pumps/stats
  ✗ (404) /api/petrol-pumps/companies
  ✗ (404) /api/petrol-pumps/cities
  ✗ (404) /api/petrol-pumps/states

📋 Sample data from /api/petrol-pumps/?limit=1:
{
  "pumps": "https://api.ssrinnovationlab.com/api/petrol-pumps/pumps/"
}

================================================================================
📊 SSRI API DISCOVERY REPORT
================================================================================

✅ ENDPOINTS DISCOVERED: 1

🔗 Active Endpoints:
  • /api/petrol-pumps/                            - 1 records

📁 Data Types Found:

💾 Report saved: ./ssri_api_discovery_report_20260624_084400.json

End: 2026-06-24 08:44:48
================================================================================

