
########################################################################
  DAILY COMBINED REPORT — IN
########################################################################
  ⚠️  Two independent views: mechanical fundamental screeners + noisy news sentiment. Convergence is NOT a buy signal. Educational/research only. NOT investment advice. Consult a SEBI-registered advisor.

  [Component 1] Fundamental picks — union of ALL screener sheets …
  [Component 1] 1225 UNIQUE fundamental picks across all screeners (8 triple, 0 multi-screen, 1217 single-screen)
  [Component 2] Talk on the Street — news sentiment for 1225 picks + market mood …
  10/1225 | POSITIVE:0 NEGATIVE:0
  20/1225 | POSITIVE:0 NEGATIVE:0
  30/1225 | POSITIVE:1 NEGATIVE:0
  40/1225 | POSITIVE:3 NEGATIVE:1
  50/1225 | POSITIVE:4 NEGATIVE:1
  60/1225 | POSITIVE:4 NEGATIVE:1
  70/1225 | POSITIVE:4 NEGATIVE:1
  80/1225 | POSITIVE:6 NEGATIVE:1
  90/1225 | POSITIVE:7 NEGATIVE:1
  100/1225 | POSITIVE:8 NEGATIVE:1
  110/1225 | POSITIVE:9 NEGATIVE:1
  120/1225 | POSITIVE:9 NEGATIVE:1
  130/1225 | POSITIVE:9 NEGATIVE:2
  140/1225 | POSITIVE:9 NEGATIVE:2
  150/1225 | POSITIVE:13 NEGATIVE:2
  160/1225 | POSITIVE:14 NEGATIVE:2
  170/1225 | POSITIVE:14 NEGATIVE:2
  180/1225 | POSITIVE:14 NEGATIVE:2
  190/1225 | POSITIVE:16 NEGATIVE:2
  200/1225 | POSITIVE:16 NEGATIVE:2
  210/1225 | POSITIVE:18 NEGATIVE:2
  220/1225 | POSITIVE:19 NEGATIVE:2
  230/1225 | POSITIVE:20 NEGATIVE:2
  240/1225 | POSITIVE:23 NEGATIVE:2
  250/1225 | POSITIVE:24 NEGATIVE:2
  260/1225 | POSITIVE:26 NEGATIVE:2
  270/1225 | POSITIVE:28 NEGATIVE:2
  280/1225 | POSITIVE:30 NEGATIVE:2
  290/1225 | POSITIVE:32 NEGATIVE:2
  300/1225 | POSITIVE:35 NEGATIVE:2
  310/1225 | POSITIVE:36 NEGATIVE:2
  320/1225 | POSITIVE:36 NEGATIVE:2
  330/1225 | POSITIVE:37 NEGATIVE:3
  340/1225 | POSITIVE:38 NEGATIVE:3
  350/1225 | POSITIVE:40 NEGATIVE:3
  360/1225 | POSITIVE:43 NEGATIVE:3
  370/1225 | POSITIVE:44 NEGATIVE:3
  380/1225 | POSITIVE:45 NEGATIVE:4
  390/1225 | POSITIVE:46 NEGATIVE:4
  400/1225 | POSITIVE:47 NEGATIVE:4
  410/1225 | POSITIVE:47 NEGATIVE:5
  420/1225 | POSITIVE:50 NEGATIVE:5
  430/1225 | POSITIVE:51 NEGATIVE:5
  440/1225 | POSITIVE:55 NEGATIVE:5
  450/1225 | POSITIVE:55 NEGATIVE:6
  460/1225 | POSITIVE:55 NEGATIVE:7
  470/1225 | POSITIVE:57 NEGATIVE:7
  480/1225 | POSITIVE:57 NEGATIVE:7
  490/1225 | POSITIVE:58 NEGATIVE:7
  500/1225 | POSITIVE:59 NEGATIVE:7
  510/1225 | POSITIVE:60 NEGATIVE:7
  520/1225 | POSITIVE:60 NEGATIVE:8
  530/1225 | POSITIVE:61 NEGATIVE:8
  540/1225 | POSITIVE:61 NEGATIVE:8
  550/1225 | POSITIVE:62 NEGATIVE:8
  560/1225 | POSITIVE:65 NEGATIVE:8
  570/1225 | POSITIVE:67 NEGATIVE:8
  580/1225 | POSITIVE:67 NEGATIVE:8
  590/1225 | POSITIVE:67 NEGATIVE:8
  600/1225 | POSITIVE:67 NEGATIVE:9
  610/1225 | POSITIVE:68 NEGATIVE:9
  620/1225 | POSITIVE:68 NEGATIVE:9
  630/1225 | POSITIVE:69 NEGATIVE:9
  640/1225 | POSITIVE:70 NEGATIVE:9
  650/1225 | POSITIVE:70 NEGATIVE:9
  660/1225 | POSITIVE:70 NEGATIVE:9
  670/1225 | POSITIVE:71 NEGATIVE:9
  680/1225 | POSITIVE:71 NEGATIVE:9
  690/1225 | POSITIVE:74 NEGATIVE:9
  700/1225 | POSITIVE:74 NEGATIVE:9
  710/1225 | POSITIVE:75 NEGATIVE:9
  720/1225 | POSITIVE:77 NEGATIVE:9
  730/1225 | POSITIVE:78 NEGATIVE:11
  740/1225 | POSITIVE:78 NEGATIVE:11
  750/1225 | POSITIVE:78 NEGATIVE:11
  760/1225 | POSITIVE:80 NEGATIVE:11
  770/1225 | POSITIVE:81 NEGATIVE:11
  780/1225 | POSITIVE:83 NEGATIVE:11
  790/1225 | POSITIVE:85 NEGATIVE:11
  800/1225 | POSITIVE:87 NEGATIVE:12
  810/1225 | POSITIVE:88 NEGATIVE:12
  820/1225 | POSITIVE:89 NEGATIVE:12
  830/1225 | POSITIVE:90 NEGATIVE:12
  840/1225 | POSITIVE:93 NEGATIVE:12
  850/1225 | POSITIVE:94 NEGATIVE:12
  860/1225 | POSITIVE:94 NEGATIVE:12
  870/1225 | POSITIVE:94 NEGATIVE:12
  880/1225 | POSITIVE:95 NEGATIVE:12
  890/1225 | POSITIVE:95 NEGATIVE:12
  900/1225 | POSITIVE:95 NEGATIVE:12
  910/1225 | POSITIVE:98 NEGATIVE:12
  920/1225 | POSITIVE:98 NEGATIVE:12
  930/1225 | POSITIVE:98 NEGATIVE:12
  940/1225 | POSITIVE:98 NEGATIVE:12
  950/1225 | POSITIVE:100 NEGATIVE:12
  960/1225 | POSITIVE:101 NEGATIVE:12
  970/1225 | POSITIVE:101 NEGATIVE:12
  980/1225 | POSITIVE:102 NEGATIVE:12
  990/1225 | POSITIVE:104 NEGATIVE:12
  1000/1225 | POSITIVE:104 NEGATIVE:13
  1010/1225 | POSITIVE:105 NEGATIVE:13
  1020/1225 | POSITIVE:106 NEGATIVE:13
  1030/1225 | POSITIVE:107 NEGATIVE:13
  1040/1225 | POSITIVE:107 NEGATIVE:13
  1050/1225 | POSITIVE:107 NEGATIVE:13
  1060/1225 | POSITIVE:108 NEGATIVE:14
  1070/1225 | POSITIVE:110 NEGATIVE:14
  1080/1225 | POSITIVE:110 NEGATIVE:14
  1090/1225 | POSITIVE:111 NEGATIVE:14
  1100/1225 | POSITIVE:111 NEGATIVE:14
  1110/1225 | POSITIVE:114 NEGATIVE:14
  1120/1225 | POSITIVE:114 NEGATIVE:14
  1130/1225 | POSITIVE:117 NEGATIVE:14
  1140/1225 | POSITIVE:117 NEGATIVE:14
  1150/1225 | POSITIVE:119 NEGATIVE:14
  1160/1225 | POSITIVE:121 NEGATIVE:14
  1170/1225 | POSITIVE:122 NEGATIVE:14
  1180/1225 | POSITIVE:122 NEGATIVE:14
  1190/1225 | POSITIVE:122 NEGATIVE:14
  1200/1225 | POSITIVE:123 NEGATIVE:14
  1210/1225 | POSITIVE:125 NEGATIVE:14
  1220/1225 | POSITIVE:125 NEGATIVE:14
  1225/1225 | POSITIVE:125 NEGATIVE:15

==========================================================================
  📊 COMPONENT 1 — STOCK PICKS BASED ON FUNDAMENTALS
==========================================================================
  Symbol         Tier           Screens                      Piotroski
  ──────────────────────────────────────────────────────────────────
  PRIVISCL       Triple Hit     CoffeeCan+Darvas+Piotroski   9.0
  KOVAI          Triple Hit     CoffeeCan+Darvas+Piotroski   9.0
  CCL            Triple Hit     CoffeeCan+Darvas+Piotroski   8.0
  PRICOLLTD      Triple Hit     CoffeeCan+Darvas+Piotroski   7.0
  APOLLOHOSP     Triple Hit     CoffeeCan+Darvas+Piotroski   7.0
  LGBBROSLTD     Triple Hit     CoffeeCan+Darvas+Piotroski   7.0
  LUPIN          Triple Hit     CoffeeCan+Darvas+Piotroski   7.0
  KFINTECH       Triple Hit     CoffeeCan+Darvas+Piotroski   7.0
  ASARFI         Single-Screen  Darvas+Piotroski             9.0
  KCP            Single-Screen  Darvas+Piotroski             7.0
  SHETR          Single-Screen  Darvas+Piotroski             7.0
  MSPL           Single-Screen  Darvas+Piotroski             7.0
  GLAND          Single-Screen  Darvas+Piotroski             9.0
  KOLTEPATIL     Single-Screen  Darvas+Piotroski             8.0
  HITECHCORP     Single-Screen  Darvas+Piotroski             8.0
  CONTAINE       Single-Screen  Darvas+Piotroski             7.0
  SNOWMAN        Single-Screen  Darvas+Piotroski             7.0
  BBTC           Single-Screen  Darvas+Piotroski             7.0
  JKCEMENT       Single-Screen  Darvas+Piotroski             8.0
  RTSPOWR        Single-Screen  Darvas+Piotroski             7.0
  IPCALAB        Single-Screen  Darvas+Piotroski             9.0
  KASTURI        Single-Screen  Darvas+Piotroski             7.0
  ABCINDQ        Single-Screen  Darvas+Piotroski             8.0
  ATUL           Single-Screen  Darvas+Piotroski             7.0
  ROSSELLIND     Single-Screen  Darvas+Piotroski             7.0

==========================================================================
  🗞️  COMPONENT 2 — TALK ON THE STREET (live news sentiment)
==========================================================================
  Market mood: POSITIVE (+0.44) from 229 articles (Moneycontrol/ET/BusinessLine/LiveMint)

  Symbol         Sentiment    Score  Articles
  ──────────────────────────────────────────────
  ORIENTTR       POSITIVE     +0.96         1
  ORIENTHOT      POSITIVE     +0.96         1
  BAJAJHFL       POSITIVE     +0.96         3
  BAJAJHLDNG     POSITIVE     +0.96         3
  BAJAJINDEF     POSITIVE     +0.96         3
  LAURUSLABS     POSITIVE     +0.95         2
  CAPACITE       POSITIVE     +0.95         2
  RESPONIND      POSITIVE     +0.95         2
  SHAKTIPUMP     POSITIVE     +0.95         1
  SHAKTIPR       POSITIVE     +0.95         1
  WABAG          POSITIVE     +0.95         1
  ACUTAAS        POSITIVE     +0.94         1
  SELECTIPO      POSITIVE     +0.94         1
  HFCL           POSITIVE     +0.93         1
  SUNILAGR       POSITIVE     +0.92         1
  MEDANTA        POSITIVE     +0.92         1
  SUNILTX        POSITIVE     +0.92         1
  SOLVEX         POSITIVE     +0.92         1
  PATINTLOG      POSITIVE     +0.91         4
  KOTAKBANK      POSITIVE     +0.90         1
  MAYUR          POSITIVE     +0.90         1
  PARADEEP       POSITIVE     +0.88         1
  WELSPUNLIV     POSITIVE     +0.87         3
  EMERGENT       POSITIVE     +0.87         3
  FRONTCORP      POSITIVE     +0.87         1
  FRONTCAP       POSITIVE     +0.87         1
  AMIC           POSITIVE     +0.86         2
  HYPERSOFT      POSITIVE     +0.86         1
  GREENPANEL     POSITIVE     +0.85         4
  GREENCREST     POSITIVE     +0.85         4
  LANCER         POSITIVE     +0.85         6
  MEESHO         POSITIVE     +0.84         2
  LAL            POSITIVE     +0.84         2
  NH             POSITIVE     +0.83         2
  SENSEXADD      POSITIVE     +0.82        15
  SENSEXBETA     POSITIVE     +0.82        15
  SENSEXETF      POSITIVE     +0.82        15
  SENSEXIETF     POSITIVE     +0.82        15
  THERMAX        POSITIVE     +0.82         2
  ORGANICREC     POSITIVE     +0.82         1
  ANKIN          POSITIVE     +0.82         1
  SWITCHTE       POSITIVE     +0.81         1
  KARANWO        POSITIVE     +0.81         2
  KIRLOSBROS     POSITIVE     +0.81         1
  KIRLOSIND      POSITIVE     +0.81         1
  KIRLOSENG      POSITIVE     +0.81         1
  PERMAGN        POSITIVE     +0.81         1
  SUPERSHAKT     POSITIVE     +0.81         1
  RELIGARE       POSITIVE     +0.81         1
  SUPERBAK       POSITIVE     +0.81         1
  ANANDRATHI     POSITIVE     +0.81         2
  SETL           POSITIVE     +0.80         1
  AMBIT          POSITIVE     +0.79         1
  NIFTY100EW     POSITIVE     +0.76        15
  NIFTYADD       POSITIVE     +0.76        15
  ROSSELLIND     POSITIVE     +0.74         3
  BIL            POSITIVE     +0.71        15
  CREDITACC      POSITIVE     +0.70         8
  ENGINERSIN     POSITIVE     +0.69         7
  WOMENNET       POSITIVE     +0.68         1
  TIL            POSITIVE     +0.66        15
  POWERICA       POSITIVE     +0.66        12
  DEN            POSITIVE     +0.66        15
  ENTERO         POSITIVE     +0.65         4
  STAR           POSITIVE     +0.64        11
  ADANIPOWER     POSITIVE     +0.64         3
  ADANIENT       POSITIVE     +0.64         3
  STARTECK       POSITIVE     +0.63        10
  SMALLADD       POSITIVE     +0.62         5
  SMALLCAP       POSITIVE     +0.62         5
  RBA            POSITIVE     +0.62         2
  WORTH          POSITIVE     +0.62         8
  INTERARCH      POSITIVE     +0.62        15
  PREMIERPOL     POSITIVE     +0.60         7
  MIL            POSITIVE     +0.58        10
  TRANSRAILL     POSITIVE     +0.57        10
  TRANSCHEM      POSITIVE     +0.57        10
  WEL            POSITIVE     +0.57        11
  SANCTRN        POSITIVE     +0.55         4
  INDIANHUME     POSITIVE     +0.54        15
  HIGHENE        POSITIVE     +0.53        14
  PRUDENT        POSITIVE     +0.52         5
  CONSUMBEES     POSITIVE     +0.51        12
  MARUTI         POSITIVE     +0.50         3
  FEDERALBNK     POSITIVE     +0.49         7
  MIDCAPIETF     POSITIVE     +0.47         3
  MIDCAPBETA     POSITIVE     +0.47         3
  EMAINDIA       POSITIVE     +0.47        15
  CONTICON       POSITIVE     +0.47        12
  PHARMABEES     POSITIVE     +0.47         3
  PHARMAID       POSITIVE     +0.47         3
  MANAPPURAM     POSITIVE     +0.46         1
  CONTROLPR      POSITIVE     +0.46        15
  ACE            POSITIVE     +0.46        15
  ANG            POSITIVE     +0.45        10
  PRECISIO       POSITIVE     +0.43         6
  DOLLAR         POSITIVE     +0.42        15
  BENCHMARK      POSITIVE     +0.42         9
  POLICYBZR      POSITIVE     +0.42         6
  HEALTHIETF     POSITIVE     +0.41         2
  MANUFGBEES     POSITIVE     +0.41         5
  TIMESGREEN     POSITIVE     +0.37         5
  SPECIALITY     POSITIVE     +0.37         6
  INDIGOPNTS     POSITIVE     +0.36         3
  INDIGO         POSITIVE     +0.36         3
  INFRAIETF      POSITIVE     +0.36         9
  THREEMPAPE     POSITIVE     +0.36        14
  ADVANCE        POSITIVE     +0.35         2
  HAL            POSITIVE     +0.34        15
  ALPHAIND       POSITIVE     +0.34         1
  ICICIGI        POSITIVE     +0.34         3
  ICICIBANK      POSITIVE     +0.34         3
  VEDANTASSET    POSITIVE     +0.33         9
  RAL            POSITIVE     +0.33        15
  GLOBALVECT     POSITIVE     +0.32        15
  TECHNICHEM     POSITIVE     +0.32         9
  APPL           POSITIVE     +0.31         8
  PHOENIXLTD     POSITIVE     +0.30         1
  GROWINGTON     POSITIVE     +0.29         6
  FIRSTCRY       POSITIVE     +0.28         8
  SEL            POSITIVE     +0.26        15
  ELECTCAST      POSITIVE     +0.25         8
  MUTHOOTCAP     POSITIVE     +0.23         2
  QUESTFLOW      POSITIVE     +0.21         3
  ASSOCER        POSITIVE     +0.15         1
  SOUTHERNIN     NEUTRAL      +0.14         7
  ICON           NEUTRAL      +0.08         6
  HAWKINCOOK     NEUTRAL      +0.07         3
  CRISIL         NEUTRAL      +0.05         1
  RAJESHEXPO     NEUTRAL      +0.05         2
  INDUSFINL      NEUTRAL      +0.04        11
  SHILPAMED      NEUTRAL      +0.00         1
  EXICOM         NEUTRAL      +0.00         1
  TEJASSVI       NEUTRAL      +0.00         3
  MADHUCON       NEUTRAL      +0.00         1
  SURATRAML      NEUTRAL      +0.00         1
  BDL            NEUTRAL      +0.00         1
  TANFACIND      NEUTRAL      +0.00         1
  GUJARATPOLY    NEUTRAL      +0.00         1
  DELHIVERY      NEUTRAL      -0.05         2
  RELIANCE       NEUTRAL      -0.12         5
  SPECTRUM       NEGATIVE     -0.19         2
  SHISHIND       NEGATIVE     -0.30         1
  EMPOWER        NEGATIVE     -0.30         1
  COFORGE        NEGATIVE     -0.34         1
  LONGSPUR       NEGATIVE     -0.37         3
  BHARTIARTL     NEGATIVE     -0.44         1
  SPICELOUNG     NEGATIVE     -0.66         1
  SPICEISLIN     NEGATIVE     -0.66         1
  GODREJIND      NEGATIVE     -0.71         2
  GODREJPROP     NEGATIVE     -0.71         2
  WHEELS         NEGATIVE     -0.81         1
  CTL            NEGATIVE     -0.87         1
  NATURAL        NEGATIVE     -0.87         1
  RONI           NEGATIVE     -0.95         2
  LIPPISYS       NEGATIVE     -0.95         1

==========================================================================
  ⭐ CONVERGENCE — WHERE FUNDAMENTALS & THE STREET AGREE
==========================================================================
  🎯 125 HIGH-CONVICTION (fundamentally strong AND positive news):
    ✅ ORIENTTR     [Single-Screen] news +0.96 (1 art) — Sensex jumps over 700 points, Nifty rises above 24,200 
    ✅ ORIENTHOT    [Single-Screen] news +0.96 (1 art) — Sensex jumps over 700 points, Nifty rises above 24,200 
    ✅ BAJAJHFL     [Single-Screen] news +0.96 (3 art) — Tata Motors CV acquisition delay won't dent long-term g
    ✅ BAJAJHLDNG   [Single-Screen] news +0.96 (3 art) — Tata Motors CV acquisition delay won't dent long-term g
    ✅ BAJAJINDEF   [Single-Screen] news +0.96 (3 art) — Tata Motors CV acquisition delay won't dent long-term g
    ✅ LAURUSLABS   [Single-Screen] news +0.95 (2 art) — Brokerages stay bullish on Laurus Labs as CDMO momentum
    ✅ CAPACITE     [Single-Screen] news +0.95 (2 art) — Brokerages stay bullish on Laurus Labs as CDMO momentum
    ✅ RESPONIND    [Single-Screen] news +0.95 (2 art) — Vedanta Resources buyback offer gets $943 million bond 
    ✅ SHAKTIPUMP   [Single-Screen] news +0.95 (1 art) — Forget power: The unquenchable AI thirst propelling wat
    ✅ SHAKTIPR     [Single-Screen] news +0.95 (1 art) — Forget power: The unquenchable AI thirst propelling wat
    ✅ WABAG        [Single-Screen] news +0.95 (1 art) — Forget power: The unquenchable AI thirst propelling wat
    ✅ ACUTAAS      [Single-Screen] news +0.94 (1 art) — Missed the FII U-turn? 6 stocks turned multibagger afte
    ✅ SELECTIPO    [Single-Screen] news +0.94 (1 art) — Missed the FII U-turn? 6 stocks turned multibagger afte
    ✅ HFCL         [Single-Screen] news +0.93 (1 art) — 13 BSE 500 stocks surged up to 200% in just 3 months; 3
    ✅ SUNILAGR     [Single-Screen] news +0.92 (1 art) — HDFC Mutual Fund buys additional 10 lakh shares of Glob
    ✅ MEDANTA      [Single-Screen] news +0.92 (1 art) — HDFC Mutual Fund buys additional 10 lakh shares of Glob
    ✅ SUNILTX      [Single-Screen] news +0.92 (1 art) — HDFC Mutual Fund buys additional 10 lakh shares of Glob
    ✅ SOLVEX       [Single-Screen] news +0.92 (1 art) — Sebi resolves over 5,500 investor complaints in May via
    ✅ PATINTLOG    [Single-Screen] news +0.91 (4 art) — Brokerages stay bullish on Laurus Labs as CDMO momentum
    ✅ KOTAKBANK    [Single-Screen] news +0.90 (1 art) — HDFC Bank, ICICI Bank remain top bets as valuations sta
    ✅ MAYUR        [Single-Screen] news +0.90 (1 art) — Pharma, power &amp; mid-sized banks: Where Mayuresh Jos
    ✅ PARADEEP     [Single-Screen] news +0.88 (1 art) — Global markets: Asia shares retreat from record as Appl
    ✅ WELSPUNLIV   [Single-Screen] news +0.87 (3 art) — Rajesh Palviya of Axis Sec suggests JSW Infrastructure,
    ✅ EMERGENT     [Single-Screen] news +0.87 (3 art) — ETMarkets PMS Talk | A cooling—not a collapse—of the AI
    ✅ FRONTCORP    [Single-Screen] news +0.87 (1 art) — SpaceX effect: Indian millionaires and family offices h
    ✅ FRONTCAP     [Single-Screen] news +0.87 (1 art) — SpaceX effect: Indian millionaires and family offices h
    ✅ AMIC         [Single-Screen] news +0.86 (2 art) — Stock Market Holiday 2026: Is BSE, NSE open or closed t
    ✅ HYPERSOFT    [Single-Screen] news +0.86 (1 art) — Goldman sees big tech stocks turning attractive amid ch
    ✅ GREENPANEL   [Single-Screen] news +0.85 (4 art) — IRFC shares fall 2% as OFS worth Rs 2,212 crore opens f
    ✅ GREENCREST   [Single-Screen] news +0.85 (4 art) — IRFC shares fall 2% as OFS worth Rs 2,212 crore opens f
    ✅ LANCER       [Single-Screen] news +0.85 (6 art) — Goldman Sachs upgrades India's growth outlook after US-
    ✅ MEESHO       [Single-Screen] news +0.84 (2 art) — Up to 42% upside! 9 stocks Jefferies, Motilal Oswal, ot
    ✅ LAL          [Single-Screen] news +0.84 (2 art) — Up to 42% upside! 9 stocks Jefferies, Motilal Oswal, ot
    ✅ NH           [Single-Screen] news +0.83 (2 art) — Global Market: South Korea to extend won trading to 24 
    ✅ SENSEXADD    [Single-Screen] news +0.82 (15 art) — Sensex, Nifty gain for third day in a row; easing volat
    ✅ SENSEXBETA   [Single-Screen] news +0.82 (15 art) — Sensex, Nifty gain for third day in a row; easing volat
    ✅ SENSEXETF    [Single-Screen] news +0.82 (15 art) — Sensex, Nifty gain for third day in a row; easing volat
    ✅ SENSEXIETF   [Single-Screen] news +0.82 (15 art) — Sensex, Nifty gain for third day in a row; easing volat
    ✅ THERMAX      [Single-Screen] news +0.82 (2 art) — Power Grid of India board okays raising borrowing limit
    ✅ ORGANICREC   [Single-Screen] news +0.82 (1 art) — JPMorgan puts two more in line to succeed  Jamie Dimon
    ✅ ANKIN        [Single-Screen] news +0.82 (1 art) — JPMorgan puts two more in line to succeed  Jamie Dimon
    ✅ SWITCHTE     [Single-Screen] news +0.81 (1 art) — Razorpay announces #39;UPI Switch#39; in partnership wi
    ✅ KARANWO      [Single-Screen] news +0.81 (2 art) — Adani Ports emerges top contender for Karanja Terminal 
    ✅ KIRLOSBROS   [Single-Screen] news +0.81 (1 art) — Top 3 Kirloskar Group stocks to watch to add to your wa
    ✅ KIRLOSIND    [Single-Screen] news +0.81 (1 art) — Top 3 Kirloskar Group stocks to watch to add to your wa
    ✅ KIRLOSENG    [Single-Screen] news +0.81 (1 art) — Top 3 Kirloskar Group stocks to watch to add to your wa
    ✅ PERMAGN      [Single-Screen] news +0.81 (1 art) — Interglobe Aviation among 5 F&amp;O stocks with a sharp
    ✅ SUPERSHAKT   [Single-Screen] news +0.81 (1 art) — Interglobe Aviation among 5 F&amp;O stocks with a sharp
    ✅ RELIGARE     [Single-Screen] news +0.81 (1 art) — Stocks to buy for short term: Ajit Mishra of Religare B
    ✅ SUPERBAK     [Single-Screen] news +0.81 (1 art) — Interglobe Aviation among 5 F&amp;O stocks with a sharp
    ✅ ANANDRATHI   [Single-Screen] news +0.81 (2 art) — Unsold housing stock rises to 18 months as supply excee
    ✅ SETL         [Single-Screen] news +0.80 (1 art) — Multibagger small cap stock Standard Engineering share 
    ✅ AMBIT        [Single-Screen] news +0.79 (1 art) — Tata Motors PV is on a clear road. JLR remains the spee
    ✅ NIFTY100EW   [Single-Screen] news +0.76 (15 art) — Sensex, Nifty gain for third day in a row; easing volat
    ✅ NIFTYADD     [Single-Screen] news +0.76 (15 art) — Sensex, Nifty gain for third day in a row; easing volat
    ✅ ROSSELLIND   [Single-Screen] news +0.74 (3 art) — India's active credit cards cross 120 million in May
    ✅ BIL          [Single-Screen] news +0.71 (15 art) — Vedanta Resources buyback offer gets $943 million bond 
    ✅ CREDITACC    [Single-Screen] news +0.70 (8 art) — ETMarkets Smart Talk | As FD rates soften, AAA PSU and 
    ✅ ENGINERSIN   [Single-Screen] news +0.69 (7 art) — Missed the FII U-turn? 6 stocks turned multibagger afte
    ✅ WOMENNET     [Single-Screen] news +0.68 (1 art) — Womenswear retailer Reformation reports revenue rise in
    ✅ TIL          [Single-Screen] news +0.66 (15 art) — Sensex, Nifty gain for third day in a row; easing volat
    ✅ POWERICA     [Single-Screen] news +0.66 (12 art) — Why is market rising today? Sensex soars 800 pts, Nifty
    ✅ DEN          [Single-Screen] news +0.66 (15 art) — Tata Motors CV acquisition delay won't dent long-term g
    ✅ ENTERO       [Single-Screen] news +0.65 (4 art) — US dollar heads into second half of 2026 as world’s top
    ✅ STAR         [Single-Screen] news +0.64 (11 art) — GIFT Nifty tumbles over 150 points as global sell-off i
    ✅ ADANIPOWER   [Single-Screen] news +0.64 (3 art) — Adani Ports emerges top contender for Karanja Terminal 
    ✅ ADANIENT     [Single-Screen] news +0.64 (3 art) — Adani Ports emerges top contender for Karanja Terminal 
    ✅ STARTECK     [Single-Screen] news +0.63 (10 art) — GIFT Nifty tumbles over 150 points as global sell-off i
    ✅ SMALLADD     [Single-Screen] news +0.62 (5 art) — Mid-day Mood | Cooling volatility sparks market rally, 
    ✅ SMALLCAP     [Single-Screen] news +0.62 (5 art) — Mid-day Mood | Cooling volatility sparks market rally, 
    ✅ RBA          [Single-Screen] news +0.62 (2 art) — JPMorgan puts two more in line to succeed  Jamie Dimon
    ✅ WORTH        [Single-Screen] news +0.62 (8 art) — Vedanta Resources buyback offer gets $943 million bond 
    ✅ INTERARCH    [Single-Screen] news +0.62 (15 art) — US dollar heads into second half of 2026 as world’s top
    ✅ PREMIERPOL   [Single-Screen] news +0.60 (7 art) — Sensex jumps over 700 points, Nifty rises above 24,200 
    ✅ MIL          [Single-Screen] news +0.58 (10 art) — Vedanta Resources buyback offer gets $943 million bond 
    ✅ TRANSRAILL   [Single-Screen] news +0.57 (10 art) — Beyond the Beat: How Micron is redefining the future of
    ✅ TRANSCHEM    [Single-Screen] news +0.57 (10 art) — Beyond the Beat: How Micron is redefining the future of
    ✅ WEL          [Single-Screen] news +0.57 (11 art) — Advit Jewels IPO: Issue booked 213 times on Day 03; NII
    ✅ SANCTRN      [Single-Screen] news +0.55 (4 art) — Power Grid of India board okays raising borrowing limit
    ✅ INDIANHUME   [Single-Screen] news +0.54 (15 art) — Tata Motors CV acquisition delay won't dent long-term g
    ✅ HIGHENE      [Single-Screen] news +0.53 (14 art) — US dollar heads into second half of 2026 as world’s top
    ✅ PRUDENT      [Single-Screen] news +0.52 (5 art) — ICICI Pru Life Q4 net profit falls 26% to Rs 174 cr, in
    ✅ CONSUMBEES   [Single-Screen] news +0.51 (12 art) — Global Market: US revises 2026 first-quarter GDP growth
    ✅ MARUTI       [Single-Screen] news +0.50 (3 art) — Tata Motors CV acquisition delay won't dent long-term g
    ✅ FEDERALBNK   [Single-Screen] news +0.49 (7 art) — Global Market Today: Asian stocks decline led by tech, 
    ✅ MIDCAPIETF   [Single-Screen] news +0.47 (3 art) — Pharma, power &amp; mid-sized banks: Where Mayuresh Jos
    ✅ MIDCAPBETA   [Single-Screen] news +0.47 (3 art) — Pharma, power &amp; mid-sized banks: Where Mayuresh Jos
    ✅ EMAINDIA     [Single-Screen] news +0.47 (15 art) — ETMarkets PMS Talk | A cooling—not a collapse—of the AI
    ✅ CONTICON     [Single-Screen] news +0.47 (12 art) — Sensex, Nifty gain for third day in a row; easing volat
    ✅ PHARMABEES   [Single-Screen] news +0.47 (3 art) — Oil slide powers India's stock benchmarks to longest we
    ✅ PHARMAID     [Single-Screen] news +0.47 (3 art) — Oil slide powers India's stock benchmarks to longest we
    ✅ MANAPPURAM   [Single-Screen] news +0.46 (1 art) — Manappuram Finance, Muthoot Finance, other gold financi
    ✅ CONTROLPR    [Single-Screen] news +0.46 (15 art) — Tata Elxsi Q4 net profit, revenue decline QoQ; firm dec
    ✅ ACE          [Single-Screen] news +0.46 (15 art) — Tata Elxsi Q4 net profit, revenue decline QoQ; firm dec
    ✅ ANG          [Single-Screen] news +0.45 (10 art) — Tata Motors CV acquisition delay won't dent long-term g
    ✅ PRECISIO     [Single-Screen] news +0.43 (6 art) — Strong bet! SBI Mutual Fund investors already sitting o
    ✅ DOLLAR       [Single-Screen] news +0.42 (15 art) — Vedanta Resources buyback offer gets $943 million bond 
    ✅ BENCHMARK    [Single-Screen] news +0.42 (9 art) — South Korean stocks in tailspin as Kospi crashes 8%, he
    ✅ POLICYBZR    [Single-Screen] news +0.42 (6 art) — Sensex today | Stock Market Highlights: Sensex crosses 
    ✅ HEALTHIETF   [Single-Screen] news +0.41 (2 art) — HDFC Mutual Fund buys additional 10 lakh shares of Glob
    ✅ MANUFGBEES   [Single-Screen] news +0.41 (5 art) — JNK India IPO: A strong play on the domestic manufactur
    ✅ TIMESGREEN   [Single-Screen] news +0.37 (5 art) — Advit Jewels IPO: Issue booked 213 times on Day 03; NII
    ✅ SPECIALITY   [Single-Screen] news +0.37 (6 art) — Sensex, Nifty extend gains to 3rd day, Q4 results to gu
    ✅ INDIGOPNTS   [Single-Screen] news +0.36 (3 art) — Sensex closes 109 points higher, Nifty above 24,050; In
    ✅ INDIGO       [Single-Screen] news +0.36 (3 art) — Sensex closes 109 points higher, Nifty above 24,050; In
    ✅ INFRAIETF    [Single-Screen] news +0.36 (9 art) — ETMarkets PMS Talk | A cooling—not a collapse—of the AI
    ✅ THREEMPAPE   [Single-Screen] news +0.36 (14 art) — Vodafone Idea shares rally 80% in less than 3 months. T
    ✅ ADVANCE      [Single-Screen] news +0.35 (2 art) — Sensex closes 109 points higher, Nifty above 24,050; In
    ✅ HAL          [Single-Screen] news +0.34 (15 art) — US dollar heads into second half of 2026 as world’s top
    ✅ ALPHAIND     [Single-Screen] news +0.34 (1 art) — Alpha Wave sells entire 1.9% stake in Delhivery; stock 
    ✅ ICICIGI      [Single-Screen] news +0.34 (3 art) — HDFC Bank, ICICI Bank remain top bets as valuations sta
    ✅ ICICIBANK    [Single-Screen] news +0.34 (3 art) — HDFC Bank, ICICI Bank remain top bets as valuations sta
    ✅ VEDANTASSET  [Single-Screen] news +0.33 (9 art) — Vedanta Resources buyback offer gets $943 million bond 
    ✅ RAL          [Single-Screen] news +0.33 (15 art) — Tata Motors CV acquisition delay won't dent long-term g
    ✅ GLOBALVECT   [Single-Screen] news +0.32 (15 art) — Tata Motors CV acquisition delay won't dent long-term g
    ✅ TECHNICHEM   [Single-Screen] news +0.32 (9 art) — Sterlite Technologies surges 5% on QIP launch, sets Rs 
    ✅ APPL         [Single-Screen] news +0.31 (8 art) — Global Market Today: Asian stocks decline led by tech, 
    ✅ PHOENIXLTD   [Single-Screen] news +0.30 (1 art) — Broker’s Call: Phoenix Mills (Buy)
    ✅ GROWINGTON   [Single-Screen] news +0.29 (6 art) — Pakistan's Gen Z taking to investing in stocks in big w
    ✅ FIRSTCRY     [Single-Screen] news +0.28 (8 art) — Global Market: US revises 2026 first-quarter GDP growth
    ✅ SEL          [Single-Screen] news +0.26 (15 art) — Hindustan Unilever Q4 Preview: Price cuts, slow demand,
    ✅ ELECTCAST    [Single-Screen] news +0.25 (8 art) — Sensex, Nifty gain for third day in a row; easing volat
    ✅ MUTHOOTCAP   [Single-Screen] news +0.23 (2 art) — Manappuram Finance, Muthoot Finance, other gold financi
    ✅ QUESTFLOW    [Single-Screen] news +0.21 (3 art) — Tata Chemicals shares rise 4% on hopes of Tata Sons lis
    ✅ ASSOCER      [Single-Screen] news +0.15 (1 art) — Battle over Basmati rice GI for Madhya Pradesh heats up

  ⚠️  15 CAUTION (strong fundamentals BUT negative news):
    ⚠️  SPECTRUM     news -0.19 — El Niño risk looms: How to monsoon-proof your portfolio
    ⚠️  SHISHIND     news -0.30 — Public listing empowers founders to raise capital witho
    ⚠️  EMPOWER      news -0.30 — Public listing empowers founders to raise capital witho
    ⚠️  COFORGE      news -0.34 — BofA initiates coverage on midcap IT stocks: prefers Co
    ⚠️  LONGSPUR     news -0.37 — South Korean stocks in tailspin as Kospi crashes 8%, he
    ⚠️  BHARTIARTL   news -0.44 — Taking Stock: Market fails to hold on to day#39;s gains
    ⚠️  SPICELOUNG   news -0.66 — IndiGo, SpiceJet shares rally up to 4% as crude oil pri
    ⚠️  SPICEISLIN   news -0.66 — IndiGo, SpiceJet shares rally up to 4% as crude oil pri
    ⚠️  GODREJIND    news -0.71 — ITC, HUL among 10 FMCG stocks that have tumbled up to 3
    ⚠️  GODREJPROP   news -0.71 — ITC, HUL among 10 FMCG stocks that have tumbled up to 3
    ⚠️  WHEELS       news -0.81 — El Niño risk looms: How to monsoon-proof your portfolio
    ⚠️  CTL          news -0.87 — Can Vedanta Aluminium, NALCO shares crash up to 40%? Wh
    ⚠️  NATURAL      news -0.87 — Can Vedanta Aluminium, NALCO shares crash up to 40%? Wh
    ⚠️  RONI         news -0.95 — South Korean stocks in tailspin as Kospi crashes 8%, he
    ⚠️  LIPPISYS     news -0.95 — Crude oil prices fall up to 2%, head for weekly losses 

  ⚠️  Two independent views: mechanical fundamental screeners + noisy news sentiment. Convergence is NOT a buy signal. Educational/research only. NOT investment advice. Consult a SEBI-registered advisor.

  📊 → combined_report_results/combined_IN_20260626_1845.json
  📄 → combined_report_results/combined_IN_20260626_1845.html  (drop into the daily mailer)
