
########################################################################
  DAILY COMBINED REPORT — IN
########################################################################
  ⚠️  Two independent views: mechanical fundamental screeners + noisy news sentiment. Convergence is NOT a buy signal. Educational/research only. NOT investment advice. Consult a SEBI-registered advisor.

  [Component 1] Fundamental picks — union of ALL screener sheets …
  [Component 1] 1225 UNIQUE fundamental picks across all screeners (8 triple, 0 multi-screen, 1217 single-screen)
  [Component 2] Talk on the Street — news sentiment for 1225 picks + market mood …
  10/1225 | POSITIVE:0 NEGATIVE:0
  20/1225 | POSITIVE:0 NEGATIVE:0
  30/1225 | POSITIVE:0 NEGATIVE:0
  40/1225 | POSITIVE:1 NEGATIVE:0
  50/1225 | POSITIVE:1 NEGATIVE:0
  60/1225 | POSITIVE:1 NEGATIVE:0
  70/1225 | POSITIVE:1 NEGATIVE:0
  80/1225 | POSITIVE:1 NEGATIVE:0
  90/1225 | POSITIVE:1 NEGATIVE:0
  100/1225 | POSITIVE:2 NEGATIVE:0
  110/1225 | POSITIVE:2 NEGATIVE:0
  120/1225 | POSITIVE:2 NEGATIVE:0
  130/1225 | POSITIVE:2 NEGATIVE:0
  140/1225 | POSITIVE:2 NEGATIVE:0
  150/1225 | POSITIVE:2 NEGATIVE:0
  160/1225 | POSITIVE:2 NEGATIVE:0
  170/1225 | POSITIVE:2 NEGATIVE:0
  180/1225 | POSITIVE:2 NEGATIVE:0
  190/1225 | POSITIVE:2 NEGATIVE:0
  200/1225 | POSITIVE:2 NEGATIVE:0
  210/1225 | POSITIVE:2 NEGATIVE:0
  220/1225 | POSITIVE:2 NEGATIVE:0
  230/1225 | POSITIVE:2 NEGATIVE:0
  240/1225 | POSITIVE:2 NEGATIVE:0
  250/1225 | POSITIVE:2 NEGATIVE:0
  260/1225 | POSITIVE:2 NEGATIVE:0
  270/1225 | POSITIVE:3 NEGATIVE:0
  280/1225 | POSITIVE:3 NEGATIVE:0
  290/1225 | POSITIVE:3 NEGATIVE:0
  300/1225 | POSITIVE:4 NEGATIVE:0
  310/1225 | POSITIVE:4 NEGATIVE:0
  320/1225 | POSITIVE:4 NEGATIVE:0
  330/1225 | POSITIVE:4 NEGATIVE:0
  340/1225 | POSITIVE:4 NEGATIVE:0
  350/1225 | POSITIVE:4 NEGATIVE:0
  360/1225 | POSITIVE:4 NEGATIVE:0
  370/1225 | POSITIVE:4 NEGATIVE:0
  380/1225 | POSITIVE:4 NEGATIVE:0
  390/1225 | POSITIVE:4 NEGATIVE:0
  400/1225 | POSITIVE:4 NEGATIVE:0
  410/1225 | POSITIVE:4 NEGATIVE:0
  420/1225 | POSITIVE:5 NEGATIVE:0
  430/1225 | POSITIVE:5 NEGATIVE:0
  440/1225 | POSITIVE:7 NEGATIVE:0
  450/1225 | POSITIVE:7 NEGATIVE:0
  460/1225 | POSITIVE:7 NEGATIVE:0
  470/1225 | POSITIVE:7 NEGATIVE:0
  480/1225 | POSITIVE:7 NEGATIVE:0
  490/1225 | POSITIVE:7 NEGATIVE:0
  500/1225 | POSITIVE:7 NEGATIVE:0
  510/1225 | POSITIVE:7 NEGATIVE:0
  520/1225 | POSITIVE:7 NEGATIVE:1
  530/1225 | POSITIVE:7 NEGATIVE:1
  540/1225 | POSITIVE:7 NEGATIVE:1
  550/1225 | POSITIVE:7 NEGATIVE:1
  560/1225 | POSITIVE:9 NEGATIVE:1
  570/1225 | POSITIVE:9 NEGATIVE:1
  580/1225 | POSITIVE:9 NEGATIVE:1
  590/1225 | POSITIVE:9 NEGATIVE:1
  600/1225 | POSITIVE:9 NEGATIVE:1
  610/1225 | POSITIVE:9 NEGATIVE:1
  620/1225 | POSITIVE:9 NEGATIVE:1
  630/1225 | POSITIVE:9 NEGATIVE:1
  640/1225 | POSITIVE:9 NEGATIVE:1
  650/1225 | POSITIVE:9 NEGATIVE:1
  660/1225 | POSITIVE:9 NEGATIVE:1
  670/1225 | POSITIVE:9 NEGATIVE:1
  680/1225 | POSITIVE:9 NEGATIVE:1
  690/1225 | POSITIVE:10 NEGATIVE:1
  700/1225 | POSITIVE:10 NEGATIVE:1
  710/1225 | POSITIVE:11 NEGATIVE:1
  720/1225 | POSITIVE:11 NEGATIVE:1
  730/1225 | POSITIVE:11 NEGATIVE:1
  740/1225 | POSITIVE:11 NEGATIVE:1
  750/1225 | POSITIVE:11 NEGATIVE:1
  760/1225 | POSITIVE:11 NEGATIVE:1
  770/1225 | POSITIVE:11 NEGATIVE:1
  780/1225 | POSITIVE:11 NEGATIVE:1
  790/1225 | POSITIVE:12 NEGATIVE:2
  800/1225 | POSITIVE:12 NEGATIVE:2
  810/1225 | POSITIVE:12 NEGATIVE:2
  820/1225 | POSITIVE:12 NEGATIVE:2
  830/1225 | POSITIVE:12 NEGATIVE:2
  840/1225 | POSITIVE:12 NEGATIVE:2
  850/1225 | POSITIVE:12 NEGATIVE:2
  860/1225 | POSITIVE:12 NEGATIVE:2
  870/1225 | POSITIVE:12 NEGATIVE:2
  880/1225 | POSITIVE:12 NEGATIVE:2
  890/1225 | POSITIVE:12 NEGATIVE:2
  900/1225 | POSITIVE:12 NEGATIVE:2
  910/1225 | POSITIVE:12 NEGATIVE:2
  920/1225 | POSITIVE:12 NEGATIVE:2
  930/1225 | POSITIVE:12 NEGATIVE:2
  940/1225 | POSITIVE:12 NEGATIVE:2
  950/1225 | POSITIVE:12 NEGATIVE:2
  960/1225 | POSITIVE:12 NEGATIVE:2
  970/1225 | POSITIVE:12 NEGATIVE:2
  980/1225 | POSITIVE:12 NEGATIVE:2
  990/1225 | POSITIVE:12 NEGATIVE:2
  1000/1225 | POSITIVE:12 NEGATIVE:2
  1010/1225 | POSITIVE:12 NEGATIVE:2
  1020/1225 | POSITIVE:13 NEGATIVE:2
  1030/1225 | POSITIVE:14 NEGATIVE:2
  1040/1225 | POSITIVE:14 NEGATIVE:2
  1050/1225 | POSITIVE:14 NEGATIVE:2
  1060/1225 | POSITIVE:14 NEGATIVE:2
  1070/1225 | POSITIVE:15 NEGATIVE:2
  1080/1225 | POSITIVE:15 NEGATIVE:2
  1090/1225 | POSITIVE:15 NEGATIVE:2
  1100/1225 | POSITIVE:15 NEGATIVE:2
  1110/1225 | POSITIVE:15 NEGATIVE:2
  1120/1225 | POSITIVE:15 NEGATIVE:2
  1130/1225 | POSITIVE:15 NEGATIVE:2
  1140/1225 | POSITIVE:15 NEGATIVE:2
  1150/1225 | POSITIVE:15 NEGATIVE:2
  1160/1225 | POSITIVE:16 NEGATIVE:2
  1170/1225 | POSITIVE:17 NEGATIVE:2
  1180/1225 | POSITIVE:17 NEGATIVE:2
  1190/1225 | POSITIVE:17 NEGATIVE:2
  1200/1225 | POSITIVE:17 NEGATIVE:2
  1210/1225 | POSITIVE:17 NEGATIVE:2
  1220/1225 | POSITIVE:17 NEGATIVE:2
  1225/1225 | POSITIVE:17 NEGATIVE:2

==========================================================================
  📊 COMPONENT 1 — STOCK PICKS BASED ON FUNDAMENTALS
==========================================================================
  Symbol         Tier           Screens                      Piotroski
  ──────────────────────────────────────────────────────────────────
  PRIVISCL       Triple Hit     CoffeeCan+Darvas+Piotroski   9.0
  KOVAI          Triple Hit     CoffeeCan+Darvas+Piotroski   9.0
  CCL            Triple Hit     CoffeeCan+Darvas+Piotroski   8.0
  PRICOLLTD      Triple Hit     CoffeeCan+Darvas+Piotroski   7.0
  APOLLOHOSP     Triple Hit     CoffeeCan+Darvas+Piotroski   7.0
  LGBBROSLTD     Triple Hit     CoffeeCan+Darvas+Piotroski   7.0
  LUPIN          Triple Hit     CoffeeCan+Darvas+Piotroski   7.0
  KFINTECH       Triple Hit     CoffeeCan+Darvas+Piotroski   7.0
  ASARFI         Single-Screen  Darvas+Piotroski             9.0
  KCP            Single-Screen  Darvas+Piotroski             7.0
  SHETR          Single-Screen  Darvas+Piotroski             7.0
  MSPL           Single-Screen  Darvas+Piotroski             7.0
  GLAND          Single-Screen  Darvas+Piotroski             9.0
  KOLTEPATIL     Single-Screen  Darvas+Piotroski             8.0
  HITECHCORP     Single-Screen  Darvas+Piotroski             8.0
  CONTAINE       Single-Screen  Darvas+Piotroski             7.0
  SNOWMAN        Single-Screen  Darvas+Piotroski             7.0
  BBTC           Single-Screen  Darvas+Piotroski             7.0
  JKCEMENT       Single-Screen  Darvas+Piotroski             8.0
  RTSPOWR        Single-Screen  Darvas+Piotroski             7.0
  IPCALAB        Single-Screen  Darvas+Piotroski             9.0
  KASTURI        Single-Screen  Darvas+Piotroski             7.0
  ABCINDQ        Single-Screen  Darvas+Piotroski             8.0
  ATUL           Single-Screen  Darvas+Piotroski             7.0
  ROSSELLIND     Single-Screen  Darvas+Piotroski             7.0

==========================================================================
  🗞️  COMPONENT 2 — TALK ON THE STREET (live news sentiment)
==========================================================================
  Market mood: POSITIVE (+0.44) from 229 articles (Moneycontrol/ET/BusinessLine/LiveMint)

  Symbol         Sentiment    Score  Articles
  ──────────────────────────────────────────────
  WABAG          POSITIVE     +0.95         1
  ACUTAAS        POSITIVE     +0.94         1
  HFCL           POSITIVE     +0.93         1
  MEDANTA        POSITIVE     +0.92         1
  MEESHO         POSITIVE     +0.84         2
  STAR           POSITIVE     +0.83         1
  PRUDENT        POSITIVE     +0.81         2
  RELIGARE       POSITIVE     +0.81         1
  SETL           POSITIVE     +0.80         1
  WORTH          POSITIVE     +0.62         8
  MARUTI         POSITIVE     +0.50         3
  MANAPPURAM     POSITIVE     +0.46         1
  DOLLAR         POSITIVE     +0.42        15
  SMALLCAP       POSITIVE     +0.37         2
  INDIGO         POSITIVE     +0.36         3
  DELHIVERY      POSITIVE     +0.34         1
  BENCHMARK      POSITIVE     +0.18         6
  CRISIL         NEUTRAL      +0.05         1
  RELIANCE       NEUTRAL      -0.12         5
  ADVANCE        NEGATIVE     -0.25         1
  COFORGE        NEGATIVE     -0.34         1

==========================================================================
  ⭐ CONVERGENCE — WHERE FUNDAMENTALS & THE STREET AGREE
==========================================================================
  🎯 17 HIGH-CONVICTION (fundamentally strong AND positive news):
    ✅ WABAG        [Single-Screen] news +0.95 (1 art) — Forget power: The unquenchable AI thirst propelling wat
    ✅ ACUTAAS      [Single-Screen] news +0.94 (1 art) — Missed the FII U-turn? 6 stocks turned multibagger afte
    ✅ HFCL         [Single-Screen] news +0.93 (1 art) — 13 BSE 500 stocks surged up to 200% in just 3 months; 3
    ✅ MEDANTA      [Single-Screen] news +0.92 (1 art) — HDFC Mutual Fund buys additional 10 lakh shares of Glob
    ✅ MEESHO       [Single-Screen] news +0.84 (2 art) — Up to 42% upside! 9 stocks Jefferies, Motilal Oswal, ot
    ✅ STAR         [Single-Screen] news +0.83 (1 art) — Servotech's 60 kW and 120 kW EV chargers earn BEE's Top
    ✅ PRUDENT      [Single-Screen] news +0.81 (2 art) — Adani Ports emerges top contender for Karanja Terminal 
    ✅ RELIGARE     [Single-Screen] news +0.81 (1 art) — Stocks to buy for short term: Ajit Mishra of Religare B
    ✅ SETL         [Single-Screen] news +0.80 (1 art) — Multibagger small cap stock Standard Engineering share 
    ✅ WORTH        [Single-Screen] news +0.62 (8 art) — Vedanta Resources buyback offer gets $943 million bond 
    ✅ MARUTI       [Single-Screen] news +0.50 (3 art) — Tata Motors CV acquisition delay won't dent long-term g
    ✅ MANAPPURAM   [Single-Screen] news +0.46 (1 art) — Manappuram Finance, Muthoot Finance, other gold financi
    ✅ DOLLAR       [Single-Screen] news +0.42 (15 art) — Vedanta Resources buyback offer gets $943 million bond 
    ✅ SMALLCAP     [Single-Screen] news +0.37 (2 art) — Mid-day Mood | Cooling volatility sparks market rally, 
    ✅ INDIGO       [Single-Screen] news +0.36 (3 art) — Sensex closes 109 points higher, Nifty above 24,050; In
    ✅ DELHIVERY    [Single-Screen] news +0.34 (1 art) — Alpha Wave sells entire 1.9% stake in Delhivery; stock 
    ✅ BENCHMARK    [Single-Screen] news +0.18 (6 art) — South Korean stocks in tailspin as Kospi crashes 8%, he

  ⚠️  2 CAUTION (strong fundamentals BUT negative news):
    ⚠️  ADVANCE      news -0.25 — Indian refiners unlikely to rush for Iranian oil despit
    ⚠️  COFORGE      news -0.34 — BofA initiates coverage on midcap IT stocks: prefers Co

  ⚠️  Two independent views: mechanical fundamental screeners + noisy news sentiment. Convergence is NOT a buy signal. Educational/research only. NOT investment advice. Consult a SEBI-registered advisor.

  📊 → combined_report_results/combined_IN_20260626_1847.json
  📄 → combined_report_results/combined_IN_20260626_1847.html  (drop into the daily mailer)
